read: /Users/krispian/Uni/bachelorarbeit/sigmod24-flink/deploying/example_inputs/multiquery/trace_0.csv
simple | 79655e4a | 20:39:03:000000 | M 

Message sent!
simple | f8327653 | 20:39:06:000000 | M 

Message sent!
simple | 9f94c2cb | 20:39:10:000000 | M 

Message sent!
simple | b8eea0d2 | 20:39:18:000000 | M 

Message sent!
simple | 82d68f01 | 20:39:18:000000 | M 

Message sent!
simple | 4c439020 | 20:39:18:000000 | M 

Message sent!
simple | 1676cd18 | 20:39:20:000000 | M 

Message sent!
simple | b850ee45 | 20:39:32:000000 | M 

Message sent!
simple | 135c38b1 | 20:39:38:000000 | M 

Message sent!
simple | 2793521c | 20:39:43:000000 | M 

Message sent!
simple | 76739483 | 20:39:45:000000 | M 

Message sent!
simple | a8a59970 | 20:39:46:000000 | M 

Message sent!
simple | 800d04da | 20:39:50:000000 | M 

Message sent!
simple | e9c40441 | 20:39:51:000000 | M 

Message sent!
simple | 6fd9cc34 | 20:39:52:000000 | M 

Message sent!
simple | d93a47b7 | 20:39:52:000000 | M 

Message sent!
simple | 29ecad3f | 20:39:54:000000 | M 

Message sent!
simple | d33068c0 | 20:39:56:000000 | M 

Message sent!
simple | 8e5c5b33 | 20:39:59:000000 | M 

Message sent!
simple | 8b1e39c9 | 20:40:00:000000 | M 

Message sent!
simple | 702b8b91 | 20:40:01:000000 | M 

Message sent!
simple | 885207ff | 20:40:08:000000 | M 

Message sent!
simple | 869f8481 | 20:40:19:000000 | M 

Message sent!
simple | d6ffff1c | 20:40:22:000000 | M 

Message sent!
simple | be3d68e5 | 20:40:27:000000 | M 

Message sent!
simple | 1fde0514 | 20:40:29:000000 | M 

Message sent!
simple | 47f6a725 | 20:40:31:000000 | M 

Message sent!
simple | 217cfac8 | 20:40:36:000000 | M 

Message sent!
simple | 2b6cbb34 | 20:40:37:000000 | M 

Message sent!
simple | b2b88baf | 20:40:39:000000 | M 

Message sent!
simple | 10f32922 | 20:40:40:000000 | M 

Message sent!
simple | 68709c59 | 20:40:42:000000 | M 

Message sent!
simple | d8e5e057 | 20:40:44:000000 | M 

Message sent!
simple | d6824e37 | 20:40:47:000000 | M 

Message sent!
simple | 1567da1e | 20:40:47:000000 | M 

Message sent!
simple | b3728df8 | 20:40:48:000000 | M 

Message sent!
simple | 3e1e8c41 | 20:40:50:000000 | M 

Message sent!
simple | 2b02feb8 | 20:40:51:000000 | M 

Message sent!
simple | ba4279df | 20:40:54:000000 | M 

Message sent!
simple | 6d675340 | 20:41:00:000000 | M 

Message sent!
simple | 9842e4e9 | 20:41:02:000000 | M 

Message sent!
simple | 41a4efe4 | 20:41:04:000000 | M 

Message sent!
simple | 019e4b91 | 20:41:07:000000 | M 

Message sent!
simple | 10fee9f9 | 20:41:08:000000 | M 

Message sent!
simple | f3387955 | 20:41:16:000000 | M 

Message sent!
simple | f6ff4a3d | 20:41:19:000000 | M 

Message sent!
simple | 3fde61b3 | 20:41:21:000000 | M 

Message sent!
simple | b0e18ec5 | 20:41:25:000000 | M 

Message sent!
simple | 51f84a86 | 20:41:27:000000 | M 

Message sent!
simple | 9b8abbb5 | 20:41:33:000000 | M 

Message sent!
simple | 56295ba4 | 20:41:34:000000 | M 

Message sent!
simple | 0827ff96 | 20:41:37:000000 | M 

Message sent!
simple | e0c974d8 | 20:41:37:000000 | M 

Message sent!
simple | b591a14d | 20:41:41:000000 | M 

Message sent!
simple | 2f1680f8 | 20:41:42:000000 | M 

Message sent!
simple | 565352c9 | 20:41:44:000000 | M 

Message sent!
simple | c8192d36 | 20:41:49:000000 | M 

Message sent!
simple | 6db56eba | 20:41:53:000000 | M 

Message sent!
simple | c8f34d98 | 20:41:54:000000 | M 

Message sent!
simple | 6bd46b21 | 20:41:54:000000 | M 

Message sent!
simple | badc661c | 20:41:54:000000 | M 

Message sent!
simple | c04264d2 | 20:41:56:000000 | M 

Message sent!
simple | 1769b2d5 | 20:42:00:000000 | M 

Message sent!
simple | dc445723 | 20:42:01:000000 | M 

Message sent!
simple | 3461fdea | 20:42:03:000000 | M 

Message sent!
simple | 4d13d233 | 20:42:06:000000 | M 

Message sent!
simple | 2132a6ee | 20:42:08:000000 | M 

Message sent!
simple | 5dca777d | 20:42:16:000000 | M 

Message sent!
simple | 78f190a1 | 20:42:16:000000 | M 

Message sent!
simple | bd3aa01a | 20:42:19:000000 | M 

Message sent!
simple | 7c109667 | 20:42:22:000000 | M 

Message sent!
simple | 5ac99c8b | 20:42:23:000000 | M 

Message sent!
simple | 62c8ec68 | 20:42:26:000000 | M 

Message sent!
simple | 1768988e | 20:42:31:000000 | M 

Message sent!
simple | 580d8a7d | 20:42:34:000000 | M 

Message sent!
simple | 9659405a | 20:42:34:000000 | M 

Message sent!
simple | 37c57d5e | 20:42:37:000000 | M 

Message sent!
simple | e4a62ba9 | 20:42:37:000000 | M 

Message sent!
simple | 8b4df86f | 20:42:41:000000 | M 

Message sent!
simple | b31a28b9 | 20:42:43:000000 | M 

Message sent!
simple | 95c0869b | 20:42:46:000000 | M 

Message sent!
simple | 2dfa47d4 | 20:42:54:000000 | M 

Message sent!
simple | 838f27c2 | 20:42:54:000000 | M 

Message sent!
simple | b57396a2 | 20:42:58:000000 | M 

Message sent!
simple | c4918176 | 20:42:58:000000 | M 

Message sent!
simple | 6b37f468 | 20:43:00:000000 | M 

Message sent!
simple | 902b8bd5 | 20:43:03:000000 | M 

Message sent!
simple | cda9fed2 | 20:43:07:000000 | M 

Message sent!
simple | 9912163f | 20:43:12:000000 | M 

Message sent!
simple | 0fa58e0c | 20:43:14:000000 | M 

Message sent!
simple | 49a45368 | 20:43:16:000000 | M 

Message sent!
simple | 800707da | 20:43:22:000000 | M 

Message sent!
simple | ff30d266 | 20:43:26:000000 | M 

Message sent!
simple | ae2bff61 | 20:43:32:000000 | M 

Message sent!
simple | e3a62473 | 20:43:36:000000 | M 

Message sent!
simple | 3b44fa8f | 20:43:39:000000 | M 

Message sent!
simple | d5df05ad | 20:43:40:000000 | M 

Message sent!
simple | 9db7c596 | 20:43:42:000000 | M 

Message sent!
simple | 84b3fa9a | 20:43:46:000000 | M 

Message sent!
simple | 134eec94 | 20:43:48:000000 | M 

Message sent!
simple | b934d190 | 20:43:50:000000 | M 

Message sent!
simple | dc97ca42 | 20:43:51:000000 | M 

Message sent!
simple | adc89672 | 20:43:51:000000 | M 

Message sent!
simple | d124fcd7 | 20:43:56:000000 | M 

Message sent!
simple | ef375f9f | 20:43:57:000000 | M 

Message sent!
simple | c19dcb04 | 20:43:59:000000 | M 

Message sent!
simple | cbc0c0da | 20:44:02:000000 | M 

Message sent!
simple | 7bbb55df | 20:44:02:000000 | M 

Message sent!
simple | 536690e8 | 20:44:05:000000 | M 

Message sent!
simple | 02727f7f | 20:44:07:000000 | M 

Message sent!
simple | 8635f608 | 20:44:12:000000 | M 

Message sent!
simple | 50a571f2 | 20:44:20:000000 | M 

Message sent!
simple | ade0977c | 20:44:21:000000 | M 

Message sent!
simple | e33dc40e | 20:44:23:000000 | M 

Message sent!
simple | fb4926ab | 20:44:24:000000 | M 

Message sent!
simple | 8ef82e1d | 20:44:32:000000 | M 

Message sent!
simple | 19a02180 | 20:44:34:000000 | M 

Message sent!
simple | a0e6ac70 | 20:44:36:000000 | M 

Message sent!
simple | b3dad3ff | 20:44:37:000000 | M 

Message sent!
simple | d9f66c77 | 20:44:38:000000 | M 

Message sent!
simple | fc54f9f6 | 20:44:48:000000 | M 

Message sent!
simple | 7fb82683 | 20:44:48:000000 | M 

Message sent!
simple | 9f74c3f3 | 20:44:57:000000 | M 

Message sent!
simple | e13225e9 | 20:45:04:000000 | M 

Message sent!
simple | eaa14801 | 20:45:07:000000 | M 

Message sent!
simple | 3b7853e3 | 20:45:08:000000 | M 

Message sent!
simple | 496792be | 20:45:09:000000 | M 

Message sent!
simple | a1923334 | 20:45:18:000000 | M 

Message sent!
simple | 847d6fb0 | 20:45:20:000000 | M 

Message sent!
simple | 0317ed94 | 20:45:21:000000 | M 

Message sent!
simple | bb222e4e | 20:45:27:000000 | M 

Message sent!
simple | d8ffedd7 | 20:45:34:000000 | M 

Message sent!
simple | 6d93ea0d | 20:45:40:000000 | M 

Message sent!
simple | 70d0aed2 | 20:45:41:000000 | M 

Message sent!
simple | 6966c37d | 20:45:46:000000 | M 

Message sent!
simple | 7a2d516d | 20:45:47:000000 | M 

Message sent!
simple | cc364c93 | 20:45:50:000000 | M 

Message sent!
simple | f523217f | 20:45:51:000000 | M 

Message sent!
simple | 0b2ae23c | 20:45:55:000000 | M 

Message sent!
simple | 09e64340 | 20:46:00:000000 | M 

Message sent!
simple | 59a88a9b | 20:46:04:000000 | M 

Message sent!
simple | d2a8561c | 20:46:09:000000 | M 

Message sent!
simple | ba1ad853 | 20:46:13:000000 | M 

Message sent!
simple | 90ab2182 | 20:46:14:000000 | M 

Message sent!
simple | f4998c5b | 20:44:46:000000 | M 

Message sent!
simple | 82ac0195 | 20:44:50:000000 | M 

Message sent!
simple | adeaa7c8 | 20:44:53:000000 | P 

Message sent!
simple | 612ed66d | 20:44:54:000000 | M 

Message sent!
simple | 8f579fb9 | 20:44:57:000000 | M 

Message sent!
simple | f01483ef | 20:44:57:000000 | M 

Message sent!
simple | ec42f303 | 20:44:58:000000 | M 

Message sent!
simple | 64631965 | 20:45:00:000000 | M 

Message sent!
simple | 959bad84 | 20:45:05:000000 | M 

Message sent!
simple | 6077565c | 20:45:15:000000 | M 

Message sent!
simple | c3735d1a | 20:45:18:000000 | M 

Message sent!
simple | 99d1d7f4 | 20:45:19:000000 | M 

Message sent!
simple | fb2d1bed | 20:45:21:000000 | M 

Message sent!
simple | 7e511f96 | 20:45:23:000000 | Q 

Message sent!
simple | 401d6391 | 20:45:28:000000 | Q 

Message sent!
simple | 8233c671 | 20:45:30:000000 | M 

Message sent!
simple | ca3245a8 | 20:45:33:000000 | M 

Message sent!
simple | 57c8571c | 20:45:33:000000 | M 

Message sent!
simple | b7bb3f27 | 20:45:36:000000 | M 

Message sent!
simple | 8f55e9b0 | 20:45:47:000000 | M 

Message sent!
simple | 75f6a32f | 20:45:52:000000 | M 

Message sent!
simple | 2b1e1369 | 20:45:52:000000 | M 

Message sent!
simple | 879a9804 | 20:45:54:000000 | M 

Message sent!
simple | 53823a5a | 20:45:55:000000 | M 

Message sent!
simple | 14205138 | 20:45:57:000000 | K 

Message sent!
simple | c56f7ddf | 20:45:58:000000 | M 

Message sent!
simple | 50ac2b47 | 20:45:58:000000 | M 

Message sent!
simple | 0ffaf920 | 20:46:01:000000 | K 

Message sent!
simple | 6053faf7 | 20:46:01:000000 | M 

Message sent!
simple | dbca5d5c | 20:46:01:000000 | Q 

Message sent!
simple | d26be1e5 | 20:46:03:000000 | M 

Message sent!
simple | 9ec9c9e2 | 20:46:04:000000 | M 

Message sent!
simple | af90874a | 20:46:05:000000 | M 

Message sent!
simple | 64f07aa5 | 20:46:08:000000 | M 

Message sent!
simple | 0041eda4 | 20:46:11:000000 | K 

Message sent!
simple | 2be9edfd | 20:46:13:000000 | M 

Message sent!
simple | 3e618eae | 20:46:16:000000 | M 

Message sent!
simple | aadfaa42 | 20:46:19:000000 | M 

Message sent!
simple | 4cb91e30 | 20:46:20:000000 | Q 

Message sent!
simple | d0952995 | 20:46:22:000000 | M 

Message sent!
simple | b72b4725 | 20:46:23:000000 | M 

Message sent!
simple | 663e5f70 | 20:46:24:000000 | M 

Message sent!
simple | d41e1a26 | 20:46:26:000000 | M 

Message sent!
simple | e945ebd0 | 20:46:26:000000 | A 

Message sent!
simple | e92d9655 | 20:46:28:000000 | M 

Message sent!
simple | 526c9755 | 20:46:30:000000 | M 

Message sent!
simple | bf38bf26 | 20:46:30:000000 | P 

Message sent!
simple | 7d0b6605 | 20:46:37:000000 | M 

Message sent!
simple | 86e660b8 | 20:46:44:000000 | M 

Message sent!
simple | 1d086cd1 | 20:46:45:000000 | Q 

Message sent!
simple | 5f3ab4d8 | 20:46:46:000000 | P 

Message sent!
simple | ab69a17a | 20:46:46:000000 | K 

Message sent!
simple | aa2177c3 | 20:46:46:000000 | M 

Message sent!
simple | e01bc536 | 20:46:48:000000 | M 

Message sent!
simple | c2505b7f | 20:46:52:000000 | M 

Message sent!
simple | 5f8a60a3 | 20:46:52:000000 | M 

Message sent!
simple | 17dfc83b | 20:46:53:000000 | K 

Message sent!
simple | c4f358f6 | 20:46:54:000000 | M 

Message sent!
simple | 23399004 | 20:46:55:000000 | Q 

Message sent!
simple | 7d2ef09e | 20:46:59:000000 | M 

Message sent!
simple | 893c0c98 | 20:46:59:000000 | M 

Message sent!
simple | 8ddd3652 | 20:47:00:000000 | M 

Message sent!
simple | e6bd24de | 20:47:02:000000 | M 

Message sent!
simple | ba1bcc95 | 20:47:03:000000 | P 

Message sent!
simple | cc4ab583 | 20:47:09:000000 | M 

Message sent!
simple | f0efa8ad | 20:47:09:000000 | M 

Message sent!
simple | 75fa2a02 | 20:47:09:000000 | P 

Message sent!
simple | 3ae2ba57 | 20:47:10:000000 | M 

Message sent!
simple | 020f12a7 | 20:47:12:000000 | M 

Message sent!
simple | 895a8d50 | 20:47:13:000000 | M 

Message sent!
simple | b60875c5 | 20:47:15:000000 | P 

Message sent!
simple | 80e4ad2f | 20:47:16:000000 | M 

Message sent!
simple | bb0c7c4c | 20:47:20:000000 | M 

Message sent!
simple | ab5407e2 | 20:47:20:000000 | M 

Message sent!
simple | e59ee0bf | 20:47:22:000000 | M 

Message sent!
simple | a64a4fb5 | 20:47:25:000000 | M 

Message sent!
simple | 36904d02 | 20:47:26:000000 | M 

Message sent!
simple | 15192b02 | 20:47:28:000000 | Q 

Message sent!
simple | 4531ddb0 | 20:47:30:000000 | M 

Message sent!
simple | a583005f | 20:47:32:000000 | M 

Message sent!
simple | 4c2b736c | 20:47:34:000000 | M 

Message sent!
simple | 7f881888 | 20:47:36:000000 | M 

Message sent!
simple | a6a54aa6 | 20:47:37:000000 | M 

Message sent!
simple | 5c093ee3 | 20:47:39:000000 | M 

Message sent!
simple | dc3d8bec | 20:47:40:000000 | M 

Message sent!
simple | f53d51ca | 20:47:40:000000 | M 

Message sent!
simple | 70780839 | 20:47:43:000000 | M 

Message sent!
simple | 3e4664b5 | 20:47:46:000000 | M 

Message sent!
simple | e63fb1bc | 20:47:48:000000 | M 

Message sent!
simple | 076b4fab | 20:48:03:000000 | M 

Message sent!
simple | 1a379139 | 20:48:05:000000 | M 

Message sent!
simple | ed2511eb | 20:48:06:000000 | Q 

Message sent!
simple | cc242110 | 20:48:16:000000 | A 

Message sent!
simple | 256f5ee5 | 20:48:17:000000 | M 

Message sent!
simple | 85d3ecaa | 20:48:17:000000 | M 

Message sent!
simple | 5ffa3dd3 | 20:48:18:000000 | M 

Message sent!
simple | 7e4d2cb4 | 20:48:18:000000 | M 

Message sent!
simple | f5a1f1ac | 20:48:24:000000 | M 

Message sent!
simple | 0a05bf2c | 20:48:31:000000 | M 

Message sent!
simple | 5fbff030 | 20:48:32:000000 | M 

Error - message not sent! [Errno 32] Broken pipe
simple | e2aa7bc0 | 20:48:33:000000 | M 

Error - message not sent! [Errno 32] Broken pipe
simple | f53a8c33 | 20:48:34:000000 | M 

Error - message not sent! [Errno 32] Broken pipe
simple | 6837639c | 20:48:34:000000 | M 

Error - message not sent! [Errno 32] Broken pipe
simple | 56ca46f5 | 20:48:35:000000 | M 

Error - message not sent! [Errno 32] Broken pipe
simple | 1dcf2ecd | 20:48:36:000000 | M 

Error - message not sent! [Errno 32] Broken pipe
simple | c30b95f2 | 20:48:37:000000 | M 

Error - message not sent! [Errno 32] Broken pipe
simple | f98edbcf | 20:48:39:000000 | M 

Error - message not sent! [Errno 32] Broken pipe
simple | cb56b136 | 20:48:43:000000 | M 

Error - message not sent! [Errno 32] Broken pipe
simple | 0b294f43 | 20:48:47:000000 | M 

Error - message not sent! [Errno 32] Broken pipe
simple | 17be7fac | 20:48:48:000000 | M 

Error - message not sent! [Errno 32] Broken pipe
simple | 4bc26616 | 20:48:48:000000 | M 

Error - message not sent! [Errno 32] Broken pipe
simple | 4d2c8ebc | 20:48:48:000000 | M 

Error - message not sent! [Errno 32] Broken pipe
simple | e2c7b92d | 20:48:54:000000 | P 

Error - message not sent! [Errno 32] Broken pipe
simple | db20bbb3 | 20:48:55:000000 | M 

Error - message not sent! [Errno 32] Broken pipe
simple | 2e4656a4 | 20:48:58:000000 | M 

Error - message not sent! [Errno 32] Broken pipe
simple | 63069728 | 20:48:59:000000 | M 

Error - message not sent! [Errno 32] Broken pipe
Error - message not sent! [Errno 32] Broken pipe
| 94e19029 | 20:48:57:000000 | M 

Error - message not sent! [Errno 32] Broken pipe
simple | fb3405a0 | 20:48:58:000000 | M 

Error - message not sent! [Errno 32] Broken pipe
simple | 75432b55 | 20:48:59:000000 | P 

Error - message not sent! [Errno 32] Broken pipe
Error - message not sent! [Errno 32] Broken pipe
e not sent! [Errno 32] Broken pipe
simple | 782e9dc8 | 20:42:55:000000 | M 

Error - message not sent! [Errno 32] Broken pipe
simple | 31915d75 | 20:42:58:000000 | M 

Error - message not sent! [Errno 32] Broken pipe
simple | 812c37c1 | 20:43:00:000000 | M 

Error - message not sent! [Errno 32] Broken pipe
simple | 2bd88c11 | 20:43:03:000000 | M 

Error - message not sent! [Errno 32] Broken pipe
simple | 62382fb2 | 20:43:05:000000 | M 

Error - message not sent! [Errno 32] Broken pipe
simple | 72973f01 | 20:43:06:000000 | M 

Error - message not sent! [Errno 32] Broken pipe
simple | 65237d3d | 20:43:09:000000 | M 

Error - message not sent! [Errno 32] Broken pipe
simple | 94a6f3bd | 20:43:12:000000 | M 

Error - message not sent! [Errno [EError - message not sent! [Errno 32] Broken pipe
simple | e945ebd0 | 20:41:26:000000 | A 

Error - message not sent! [Errno 32] Broken pipe
simple | e92d9655 | 20:41:28:000000 | M 

Error - message not sent! [Errno 32] Broken pipe
simple | 526c9755 | 20:41:30:000000 | M 

Error - message not sent! [Errno 32] Broken pipe
simple | bf38bf26 | 20:41:30:000000 | P 

Error - message not sent! [Errno 32] Broken pipe
simple | 7d0b6605 | 20:41:37:000000 | M 

Error - message not sent! [Errno 32] Broken pipe
simple | 86e660b8 | 20:41:44:000000 | M 

Error - message not sent! [Errno 32] Broken pipe
simple | 1d086cd1 | 20:41:45:000000 | Q 

Error - message not sent! [Errno 32] Broken pipe
simple | 5f3ab4d8 | 20:41:46:000000 | P 

Error - message not sent! [Errno 32] Broken pipe
simple | ab69a17a | 20:41:46:000000 | K 

Error - message not sent! [Errno 32] Broken pipe
simple | aa2177c3 | 20:41:46:000000 | M 

Error - message not sent! [Errno 32] Broken pipe
simple | e01bc536 | 20:41:48:000000 | M 

Error - message not sent! [Errno 32] Broken pipe
simple | c2505b7f | 20:41:52:000000 | M 

Error - message not sent! [Errno 32] Broken pipe
simple | 5f8a60a3 | 20:41:52:000000 | M 

Error - message not sent! [Errno 32] Broken pipe
simple | 17dfc83b | 20:41:53:000000 | K 

Error - message not sent! [Errno 32] Broken pipe
simple | c4f358f6 | 20:41:54:000000 | M 

Error - message not sent! [Errno 32] Broken pipe
simple | 23399004 | 20:41:55:000000 | Q 

Error - message not sent! [Errno 32] Broken pipe
simple | 7d2ef09e | 20:41:59:000000 | M 

Error - message not sent! [Errno 32] Broken pipe
simple | 893c0c98 | 20:41:59:000000 | M 

Error - message not sent! [Errno 32] Broken pipe
simple | 8ddd3652 | 20:42:00:000000 | M 

Error - message not sent! [Errno 32] Broken pipe
simple | e6bd24de | 20:42:02:000000 | M 

Error - message not sent! [Errno 32] Broken pipe
simple | ba1bcc95 | 20:42:03:000000 | P 

Error - message not sent! [Errno 32] Broken pipe
simple | cc4ab583 | 20:42:09:000000 | M 

Error - message not sent! [Errno 32] Broken pipe
simple | f0efa8ad | 20:42:09:000000 | M 

Error - message not sent! [Errno 32] Broken pipe
simple | 75fa2a02 | 20:42:09:000000 | P 

Error - message not sent! [Errno 32] Broken pipe
simple | 3ae2ba57 | 20:42:10:000000 | M 

Error - message not sent! [Errno 32] Broken pipe
simple | 020f12a7 | 20:42:12:000000 | M 

Error - message not sent! [Errno 32] Broken pipe
simple | 895a8d50 | 20:42:13:000000 | M 

Error - message not sent! [Errno 32] Broken pipe
simple | b60875c5 | 20:42:15:000000 | P 

Error - message not sent! [Errno 32] Broken pipe
simple | 80e4ad2f | 20:42:16:000000 | M 

Error - message not sent! [Errno 32] Broken pipe
simple | bb0c7c4c | 20:42:20:000000 | M 

Error - message not sent! [Errno 32] Broken pipe
simple | ab5407e2 | 20:42:20:000000 | M 

Error - message not sent! [Errno 32] Broken pipe
simple | e59ee0bf | 20:42:22:000000 | M 

Error - message not sent! [Errno 32] Broken pipe
simple | a64a4fb5 | 20:42:25:000000 | M 

Error - message not sent! [Errno 32] Broken pipe
simple | 36904d02 | 20:42:26:000000 | M 

Error - message not sent! [Errno 32] Broken pipe
simple | 15192b02 | 20:42:28:000000 | Q 

Error - message not sent! [Errno 32] Broken pipe
simple | 4531ddb0 | 20:42:30:000000 | M 

Error - message not sent! [Errno 32] Broken pipe
simple | a583005f | 20:42:32:000000 | M 

Error - message not sent! [Errno 32] Broken pipe
simple | 4c2b736c | 20:42:34:000000 | M 

Error - message not sent! [Errno 32] Broken pipe
simple | 7f881888 | 20:42:36:000000 | M 

Error - message not sent! [Errno 32] Broken pipe
simple | a6a54aa6 | 20:42:37:000000 | M 

Error - message not sent! [Errno 32] Broken pipe
simple | 5c093ee3 | 20:42:39:000000 | M 

Error - message not sent! [Errno 32] Broken pipe
simple | dc3d8bec | 20:42:40:000000 | M 

Error - message not sent! [Errno 32] Broken pipe
simple | f53d51ca | 20:42:40:000000 | M 

Error - message not sent! [Errno 32] Broken pipe
simple | 70780839 | 20:42:43:000000 | M 

Error - message not sent! [Errno 32] Broken pipe
simple | 3e4664b5 | 20:42:46:000000 | M 

Error - message not sent! [Errno 32] Broken pipe
simple | e63fb1bc | 20:42:48:000000 | M 

Error - message not sent! [Errno 32] Broken pipe
simple | 076b4fab | 20:43:03:000000 | M 

Error - message not sent! [Errno 32] Broken pipe
simple | 1a379139 | 20:43:05:000000 | M 

Error - message not sent! [Errno 32] Broken pipe
simple | ed2511eb | 20:43:06:000000 | Q 

Error - message not sent! [Errno 32] Broken pipe
simple | cc242110 | 20:43:16:000000 | A 

Error - message not sent! [Errno 32] Broken pipe
simple | 256f5ee5 | 20:43:17:000000 | M 

Error - message not sent! [Errno 32] Broken pipe
simple | 85d3ecaa | 20:43:17:000000 | M 

Error - message not sent! [Errno 32] Broken pipe
simple | 5ffa3dd3 | 20:43:18:000000 | M 

Error - message not sent! [Errno 32] Broken pipe
simple | 7e4d2cb4 | 20:43:18:000000 | M 

Error - message not sent! [Errno 32] Broken pipe
simple | f5a1f1ac | 20:43:24:000000 | M 

Error - message not sent! [Errno 32] Broken pipe
simple | 0a05bf2c | 20:43:31:000000 | M 

Error - message not sent! [Errno 32] Broken pipe
simple | 5fbff030 | 20:43:32:000000 | M 

Error - message not sent! [Errno 32] Broken pipe
simple | e2aa7bc0 | 20:43:33:000000 | M 

Error - message not sent! [Errno 32] Broken pipe
simple | f53a8c33 | 20:43:34:000000 | M 

Error - message not sent! [Errno 32] Broken pipe
simple | 6837639c | 20:43:34:000000 | M 

Error - message not sent! [Errno 32] Broken pipe
simple | 56ca46f5 | 20:43:35:000000 | M 

Error - message not sent! [Errno 32] Broken pipe
simple | 1dcf2ecd | 20:43:36:000000 | M 

Error - message not sent! [Errno 32] Broken pipe
simple | c30b95f2 | 20:43:37:000000 | M 

Error - message not sent! [Errno 32] Broken pipe
simple | f98edbcf | 20:43:39:000000 | M 

Error - message not sent! [Errno 32] Broken pipe
simple | cb56b136 | 20:43:43:000000 | M 

Error - message not sent! [Errno 32] Broken pipe
simple | 0b294f43 | 20:43:47:000000 | M 

Error - message not sent! [Errno 32] Broken pipe
simple | 17be7fac | 20:43:48:000000 | M 

Error - message not sent! [Errno 32] Broken pipe
simple | 4bc26616 | 20:43:48:000000 | M 

Error - message not sent! [Errno 32] Broken pipe
simple | 4d2c8ebc | 20:43:48:000000 | M 

Error - message not sent! [Errno 32] Broken pipe
simple | e2c7b92d | 20:43:54:000000 | P 

Error - message not sent! [Errno 32] Broken pipe
simple | db20bbb3 | 20:43:55:000000 | M 

Error - message not sent! [Errno 32] Broken pipe
simple | 2e4656a4 | 20:43:58:000000 | M 

Error - message not sent! [Errno 32] Broken pipe
simple | 63069728 | 20:43:59:000000 | M 

Error - message not sent! [Errno 32] Broken pipe
Error - message not sent! [Errno 32] Broken pipe
] Broken pipe
simple | e5f391c8 | 20:43:46:000000 | A 

Error - message not sent! [Errno 32] Broken pipe
simple | 53388339 | 20:43:47:000000 | M 

Error - message not sent! [Errno 32] Broken pipe
simple | b140ad06 | 20:43:48:000000 | M 

Error - message not sent! [Errno 32] Broken pipe
simple | 1d8e1960 | 20:43:48:000000 | M 

Error - message not sent! [Errno 32] Broken pipe
simple | 94e19029 | 20:43:57:000000 | M 

Error - message not sent! [Errno 32] Broken pipe
simple | fb3405a0 | 20:43:58:000000 | M 

Error - message not sent! [Errno 32] Broken pipe
simple | 75432b55 | 20:43:59:000000 | P 

Error - message not sent! [Errno 32] Broken pipe
Error - message not sent! [Errno 32] Broken pipe
